<?xml version="1.0" encoding="UTF-8"?>
<!-- Generated by org.testng.reporters.JUnitReportReporter -->
<testsuite skipped="0" hostname="DESKTOP-IOE6H02" name="Test1" tests="2" failures="0" timestamp="15 mar 2018 18:45:13 GMT" time="2.218" errors="0">
  <testcase name="search" time="1.628" classname="Test1"/>
  <testcase name="search1" time="0.590" classname="Test1"/>
</testsuite> <!-- Test1 -->
